<?xml version="1.0" encoding="UTF-8"?>
<testsuite name="com.vbarjovanu.coderetreat.gameoflife.state.CellStateDeadTest" tests="2" skipped="0" failures="0" errors="0" timestamp="2019-11-18T13:50:57" hostname="Vlads-MacBook-Pro.local" time="0.002">
  <properties/>
  <testcase name="shouldRemainDeadIfDoesntHave3Neighbours()" classname="com.vbarjovanu.coderetreat.gameoflife.state.CellStateDeadTest" time="0.001"/>
  <testcase name="shoudBecomeAliveIfHas3Neighbours()" classname="com.vbarjovanu.coderetreat.gameoflife.state.CellStateDeadTest" time="0.001"/>
  <system-out><![CDATA[]]></system-out>
  <system-err><![CDATA[]]></system-err>
</testsuite>
